60
0.726732 0.001557 0.669488 0.405663 0.001723 0.004289 0.137854 0.290386 -0.080426 
1.049127 1.310229 0.403838 -0.001716 -0.002976 0.334517 -0.425607 0.001993 -0.901143 
0.720434 -0.001523 0.658980 -0.400426 -0.000065 -0.000809 0.131026 -0.273371 -0.071668 
1.046753 1.305365 0.407248 -0.002587 -0.002767 0.342223 -0.425725 -0.002650 -0.892019 
0.882311 0.810111 -0.001361 -0.650944 -0.370061 0.003498 -0.415313 0.009802 -0.302725 
0.720292 -0.001730 0.657021 -0.406130 0.001991 -0.001700 0.127674 -0.279634 -0.072409 
1.045402 1.304733 0.403045 -0.002603 -0.003920 0.336917 -0.430164 -0.004093 -0.893523 
1.045856 1.304501 -0.406291 0.000070 0.003588 -0.343371 -0.427458 0.002975 -0.889518 
0.879025 0.805721 0.007921 -0.652547 -0.369448 0.004918 -0.426396 -0.008578 -0.295524 
0.878513 0.807784 -0.001583 0.646238 0.367964 -0.000063 -0.414506 -0.003750 -0.303402 
1.049688 1.307913 -0.410846 0.005280 0.006331 -0.346557 -0.419851 -0.006524 -0.896186 
1.046540 1.305641 0.407150 0.001143 0.000849 0.342654 -0.422072 0.000335 -0.894095 
0.715510 -0.001178 0.653810 0.399125 -0.000415 0.000439 0.117225 0.283117 -0.067257 
0.886528 0.806892 -0.009060 0.659725 0.370495 -0.006491 -0.419070 -0.014221 -0.296804 
1.047186 1.306117 0.407519 0.000051 -0.001155 0.341639 -0.423899 0.002152 -0.896303 
0.712709 0.000323 0.653117 0.395104 -0.001176 0.000809 0.132839 0.274414 -0.075592 
0.887543 -0.811742 -0.004114 0.660260 -0.374930 0.005187 -0.425383 -0.004037 -0.297268 
0.880767 0.807691 0.001117 0.654596 0.372137 0.000213 -0.426140 0.002156 -0.293401 
0.883881 -0.808626 -0.002180 0.658730 -0.374368 0.003029 -0.427325 0.002278 -0.295471 
0.716800 0.001644 -0.653851 0.398064 -0.000073 -0.004164 0.127983 -0.269819 -0.076749 
0.886688 0.811330 0.002023 0.660729 0.378462 0.003328 -0.422484 0.000658 -0.298083 
0.880311 0.809135 -0.007313 0.650865 0.367800 -0.004248 -0.427657 -0.011392 -0.303574 
0.726362 -0.000270 -0.662489 0.408924 0.001024 -0.001339 0.125998 -0.283894 -0.068620 
1.046962 1.306127 -0.407617 -0.001182 -0.002826 -0.342870 -0.421275 -0.004999 -0.896133 
0.717779 0.000256 -0.647262 0.412906 -0.000524 -0.002202 0.108144 -0.286617 -0.062260 
0.709014 -0.000996 -0.646077 -0.389854 -0.001212 0.001511 0.125425 0.261793 -0.068760 
1.047291 1.305357 -0.408132 0.003480 0.005169 -0.341349 -0.421624 -0.000118 -0.895005 
0.714975 -0.000061 -0.649718 0.398543 -0.000481 -0.000917 0.118558 -0.266188 -0.067527 
1.046647 -1.306055 -0.405740 0.002695 -0.004962 0.339655 -0.427237 0.005198 -0.894544 
0.725219 -0.000283 -0.655024 -0.415578 -0.001074 0.000029 0.109475 0.290969 -0.063169 
0.714496 0.002600 -0.650909 0.403551 0.000882 -0.002506 0.121488 -0.278767 -0.070291 
0.880527 -0.804844 -0.001886 0.651936 -0.368029 -0.000244 -0.415869 -0.002837 -0.299629 
1.045634 -1.307826 -0.401392 0.002954 -0.002706 0.337765 -0.431981 -0.008885 -0.898179 
0.879111 -0.804065 0.000556 0.651008 -0.369385 0.000228 -0.413210 0.000285 -0.296307 
1.048133 -1.309252 0.401656 -0.009531 0.009882 -0.334965 -0.432262 -0.014001 -0.895853 
1.044156 -1.302277 -0.402029 -0.001154 0.000327 0.335077 -0.420708 0.003971 -0.891442 
1.047735 -1.309346 0.403946 -0.000141 -0.000164 -0.342641 -0.439058 -0.002118 -0.893621 
0.880236 -0.808465 -0.006474 -0.647788 0.367572 0.004538 -0.413883 0.008326 -0.305257 
1.040837 -1.301741 -0.394171 -0.003477 0.003670 0.330286 -0.437036 0.005908 -0.888781 
1.044259 -1.306015 0.399551 0.000339 -0.001085 -0.335360 -0.428432 0.006743 -0.898047 
0.719151 0.000596 0.652008 -0.404051 -0.002917 0.001865 0.122163 -0.270346 -0.067925 
0.877284 -0.803403 -0.000123 -0.649998 0.368701 0.003523 -0.420496 -0.006166 -0.297663 
1.045521 -1.305539 0.401518 0.002428 -0.003393 -0.335179 -0.428840 -0.002151 -0.893697 
0.721118 -0.001833 0.654283 0.410073 -0.002001 -0.002227 0.119032 0.279160 -0.066771 
0.723205 0.000428 0.660677 -0.409043 -0.000794 0.000855 0.124691 -0.286864 -0.072389 
0.884878 -0.808541 -0.001707 0.661463 -0.374605 -0.001565 -0.431309 -0.009585 -0.292356 
0.718889 -0.000018 0.656113 0.396658 -0.000197 -0.000929 0.130232 0.270963 -0.075510 
1.045992 -1.305956 0.404829 0.005954 -0.006745 -0.340934 -0.427962 0.008428 -0.894024 
0.885911 -0.811158 0.003504 -0.656928 0.371822 0.001267 -0.422201 -0.008202 -0.301414 
0.713505 -0.002061 0.646975 -0.394821 -0.000095 -0.002093 0.116019 -0.268167 -0.067769 
0.882028 0.806261 -0.002571 -0.654284 -0.369756 -0.001175 -0.421354 0.005819 -0.298873 
0.716940 -0.000311 -0.646434 -0.401663 -0.000282 0.000047 0.109704 0.259673 -0.062165 
0.880392 -0.806899 -0.004078 -0.651492 0.371657 0.001918 -0.416479 0.004503 -0.299778 
0.885417 0.808176 -0.003047 -0.658772 -0.371281 -0.000505 -0.424196 0.005331 -0.295047 
1.045668 1.305032 -0.404235 -0.001607 -0.003058 -0.338097 -0.422980 0.005052 -0.897396 
0.713240 -0.000181 -0.653480 -0.399082 -0.000038 -0.000695 0.130233 0.279737 -0.076177 
0.882213 0.801600 0.002798 -0.656486 -0.363264 0.006754 -0.424066 0.006115 -0.293216 
0.880951 -0.803559 -0.005334 -0.654046 0.364687 0.004352 -0.420110 0.008447 -0.291966 
0.716358 0.000692 -0.649948 -0.396832 -0.001481 -0.002388 0.116348 0.264593 -0.069332 
1.046699 -1.305532 -0.402919 0.001700 -0.001409 0.336703 -0.431627 -0.001348 -0.889938 
